<?xml version="1.0" encoding="UTF-8"?>
<testsuite name="MockSignUp" tests="1" skipped="0" failures="0" errors="0" timestamp="2021-05-14T15:40:27" hostname="DESKTOP-SLHM6JE" time="0.02">
  <properties/>
  <testcase name="MockSignUp()" classname="MockSignUp" time="0.02"/>
  <system-out><![CDATA[null
]]></system-out>
  <system-err><![CDATA[]]></system-err>
</testsuite>
